<?xml version="1.0" encoding="UTF-8"?>
<!-- Generated by org.testng.reporters.JUnitReportReporter -->
<testsuite hostname="DESKTOP-9N3PBG2" failures="0" tests="1" name="Smoke.homeTest" time="0.568" errors="0" timestamp="2025-08-25T15:08:07 IST" skipped="0">
  <testcase classname="Smoke.homeTest" name="start" time="0.568"/>
</testsuite> <!-- Smoke.homeTest -->
