<?xml version="1.0" encoding="UTF-8"?>
<!-- Generated by org.testng.reporters.JUnitReportReporter -->
<testsuite hostname="DESKTOP-9N3PBG2" failures="0" tests="1" name="Integration.addToCartTest" time="1.186" errors="0" timestamp="2025-08-28T12:33:06 IST" skipped="0">
  <testcase classname="Integration.addToCartTest" name="addToCart" time="1.186"/>
</testsuite> <!-- Integration.addToCartTest -->
