<?xml version="1.0" encoding="UTF-8"?>
<!-- Generated by org.testng.reporters.JUnitReportReporter -->
<testsuite hostname="DESKTOP-9N3PBG2" failures="0" tests="1" name="Smoke.smokeTest" time="14.212" errors="0" timestamp="2025-08-28T13:36:34 IST" skipped="0">
  <testcase classname="Smoke.smokeTest" name="buyProduct" time="14.212"/>
</testsuite> <!-- Smoke.smokeTest -->
